2023-10-17 21:00:59 [main] DEBUG Horse - створення Horse, ім'я [Bucephalus], швидкість [2.4]
2023-10-17 21:00:59 [main] DEBUG Horse - створення Horse, ім'я [Ace of Spades], швидкість [2.5]
2023-10-17 21:00:59 [main] DEBUG Horse - створення Horse, ім'я [Zephyr], швидкість [2.6]
2023-10-17 21:00:59 [main] DEBUG Horse - створення Horse, ім'я [Blaze], швидкість [2.7]
2023-10-17 21:00:59 [main] DEBUG Horse - створення Horse, ім'я [Lobster], швидкість [2.8]
2023-10-17 21:00:59 [main] DEBUG Horse - створення Horse, ім'я [Pegasus], швидкість [2.9]
2023-10-17 21:00:59 [main] DEBUG Horse - створення Horse, ім'я [Cherry], швидкість [3.0]
2023-10-17 21:00:59 [main] DEBUG Hippodrome - створення Hippodrome, коней [7]
2023-10-17 21:00:59 [main] INFO  Main - Початок стрибків. Кількість учасників: 7
2023-10-16 21:01:26 [main] DEBUG Horse - створення Horse, ім'я [Bucephalus], швидкість [2.4]
2023-10-16 21:01:26 [main] DEBUG Horse - створення Horse, ім'я [Ace of Spades], швидкість [2.5]
2023-10-16 21:01:26 [main] DEBUG Horse - створення Horse, ім'я [Zephyr], швидкість [2.6]
2023-10-16 21:01:26 [main] DEBUG Horse - створення Horse, ім'я [Blaze], швидкість [2.7]
2023-10-16 21:01:26 [main] DEBUG Horse - створення Horse, ім'я [Lobster], швидкість [2.8]
2023-10-16 21:01:26 [main] DEBUG Horse - створення Horse, ім'я [Pegasus], швидкість [2.9]
2023-10-16 21:01:26 [main] DEBUG Horse - створення Horse, ім'я [Cherry], швидкість [3.0]
2023-10-16 21:01:26 [main] DEBUG Hippodrome - створення Hippodrome, коней [7]
2023-10-16 21:01:26 [main] INFO  Main - Початок стрибків. Кількість учасників: 7
2023-10-17 19:06:15 [main] DEBUG Horse - створення Horse, ім'я [Bucephalus], швидкість [2.4]
2023-10-17 19:06:15 [main] DEBUG Horse - створення Horse, ім'я [Ace of Spades], швидкість [2.5]
2023-10-17 19:06:15 [main] DEBUG Horse - створення Horse, ім'я [Zephyr], швидкість [2.6]
2023-10-17 19:06:15 [main] DEBUG Horse - створення Horse, ім'я [Blaze], швидкість [2.7]
2023-10-17 19:06:15 [main] DEBUG Horse - створення Horse, ім'я [Lobster], швидкість [2.8]
2023-10-17 19:06:15 [main] DEBUG Horse - створення Horse, ім'я [Pegasus], швидкість [2.9]
2023-10-17 19:06:15 [main] DEBUG Horse - створення Horse, ім'я [Cherry], швидкість [3.0]
2023-10-17 19:06:15 [main] DEBUG Hippodrome - створення Hippodrome, коней [7]
2023-10-17 19:06:15 [main] INFO  Main - Початок стрибків. Кількість учасників: 7
2023-10-17 19:06:35 [main] INFO  Main - Закінчення стрибків. Переможець: Cherry
